[Tue Apr 14 19:42:36 2020] [notice] Apache/2.2.25 (Win32) configured -- resuming normal operations
[Tue Apr 14 19:42:36 2020] [notice] Server built: Jul 10 2013 01:52:12
[Tue Apr 14 19:42:36 2020] [notice] Parent: Created child process 12676
[Tue Apr 14 19:42:36 2020] [notice] Child 12676: Child process is running
[Tue Apr 14 19:42:36 2020] [notice] Child 12676: Acquired the start mutex.
[Tue Apr 14 19:42:36 2020] [notice] Child 12676: Starting 64 worker threads.
[Tue Apr 14 19:42:36 2020] [notice] Child 12676: Starting thread to listen on port 8080.
[Tue Apr 14 19:42:44 2020] [error] [client 127.0.0.1] File does not exist: B:/ring/ringlibs/weblib/ringapp/favicon.ico
[Tue Apr 14 19:43:05 2020] [warn] pid file B:/ring/extensions/libdepwin/Apache2.2/logs/httpd.pid overwritten -- Unclean shutdown of previous Apache run?
[Tue Apr 14 19:43:05 2020] [notice] Apache/2.2.25 (Win32) configured -- resuming normal operations
[Tue Apr 14 19:43:05 2020] [notice] Server built: Jul 10 2013 01:52:12
[Tue Apr 14 19:43:05 2020] [notice] Parent: Created child process 14364
[Tue Apr 14 19:43:05 2020] [notice] Child 14364: Child process is running
[Tue Apr 14 19:43:05 2020] [notice] Child 14364: Acquired the start mutex.
[Tue Apr 14 19:43:05 2020] [notice] Child 14364: Starting 64 worker threads.
[Tue Apr 14 19:43:05 2020] [notice] Child 14364: Starting thread to listen on port 8080.
[Tue Apr 14 19:43:14 2020] [warn] pid file B:/ring/extensions/libdepwin/Apache2.2/logs/httpd.pid overwritten -- Unclean shutdown of previous Apache run?
[Tue Apr 14 19:43:14 2020] [notice] Apache/2.2.25 (Win32) configured -- resuming normal operations
[Tue Apr 14 19:43:14 2020] [notice] Server built: Jul 10 2013 01:52:12
[Tue Apr 14 19:43:14 2020] [notice] Parent: Created child process 12772
[Tue Apr 14 19:43:14 2020] [notice] Child 12772: Child process is running
[Tue Apr 14 19:43:14 2020] [notice] Child 12772: Acquired the start mutex.
[Tue Apr 14 19:43:14 2020] [notice] Child 12772: Starting 64 worker threads.
[Tue Apr 14 19:43:14 2020] [notice] Child 12772: Starting thread to listen on port 8080.
[Wed Apr 15 23:08:41 2020] [warn] pid file B:/ring/extensions/libdepwin/Apache2.2/logs/httpd.pid overwritten -- Unclean shutdown of previous Apache run?
[Wed Apr 15 23:08:41 2020] [notice] Apache/2.2.25 (Win32) configured -- resuming normal operations
[Wed Apr 15 23:08:41 2020] [notice] Server built: Jul 10 2013 01:52:12
[Wed Apr 15 23:08:41 2020] [notice] Parent: Created child process 9024
[Wed Apr 15 23:08:41 2020] [notice] Child 9024: Child process is running
[Wed Apr 15 23:08:41 2020] [notice] Child 9024: Acquired the start mutex.
[Wed Apr 15 23:08:41 2020] [notice] Child 9024: Starting 64 worker threads.
[Wed Apr 15 23:08:41 2020] [notice] Child 9024: Starting thread to listen on port 8080.
[Wed Apr 15 23:08:44 2020] [error] [client 127.0.0.1] B:/pwct2/tools/import/import.ring is not executable; ensure interpreted scripts have "#!" or "'!" first line
[Wed Apr 15 23:08:44 2020] [error] [client 127.0.0.1] (9)Bad file descriptor: don't know how to spawn child process: B:/pwct2/tools/import/import.ring
[Mon May 04 12:00:52 2020] [warn] pid file B:/ring/extensions/libdepwin/Apache2.2/logs/httpd.pid overwritten -- Unclean shutdown of previous Apache run?
[Mon May 04 12:00:52 2020] [notice] Apache/2.2.25 (Win32) configured -- resuming normal operations
[Mon May 04 12:00:52 2020] [notice] Server built: Jul 10 2013 01:52:12
[Mon May 04 12:00:52 2020] [notice] Parent: Created child process 12816
[Mon May 04 12:00:52 2020] [notice] Child 12816: Child process is running
[Mon May 04 12:00:52 2020] [notice] Child 12816: Acquired the start mutex.
[Mon May 04 12:00:52 2020] [notice] Child 12816: Starting 64 worker threads.
[Mon May 04 12:00:52 2020] [notice] Child 12816: Starting thread to listen on port 8080.
[Mon May 04 12:00:55 2020] [error] [client 127.0.0.1] B:/ring/samples/other/helloworld/hello3.ring is not executable; ensure interpreted scripts have "#!" or "'!" first line
[Mon May 04 12:00:55 2020] [error] [client 127.0.0.1] (9)Bad file descriptor: don't know how to spawn child process: B:/ring/samples/other/helloworld/hello3.ring
[Tue May 05 18:52:25 2020] [warn] pid file B:/ring/extensions/libdepwin/Apache2.2/logs/httpd.pid overwritten -- Unclean shutdown of previous Apache run?
[Tue May 05 18:52:25 2020] [notice] Apache/2.2.25 (Win32) configured -- resuming normal operations
[Tue May 05 18:52:25 2020] [notice] Server built: Jul 10 2013 01:52:12
[Tue May 05 18:52:25 2020] [notice] Parent: Created child process 7920
[Tue May 05 18:52:25 2020] [notice] Child 7920: Child process is running
[Tue May 05 18:52:25 2020] [notice] Child 7920: Acquired the start mutex.
[Tue May 05 18:52:25 2020] [notice] Child 7920: Starting 64 worker threads.
[Tue May 05 18:52:25 2020] [notice] Child 7920: Starting thread to listen on port 8080.
[Tue May 05 18:52:28 2020] [error] [client 127.0.0.1] B:/ring/applications/tetris/tetris.ring is not executable; ensure interpreted scripts have "#!" or "'!" first line
[Tue May 05 18:52:28 2020] [error] [client 127.0.0.1] (9)Bad file descriptor: don't know how to spawn child process: B:/ring/applications/tetris/tetris.ring
[Tue May 05 18:52:28 2020] [error] [client 127.0.0.1] File does not exist: B:/ring/applications/tetris/favicon.ico
[Wed May 06 06:21:21 2020] [warn] pid file B:/ring/extensions/libdepwin/Apache2.2/logs/httpd.pid overwritten -- Unclean shutdown of previous Apache run?
[Wed May 06 06:21:21 2020] [notice] Apache/2.2.25 (Win32) configured -- resuming normal operations
[Wed May 06 06:21:21 2020] [notice] Server built: Jul 10 2013 01:52:12
[Wed May 06 06:21:21 2020] [notice] Parent: Created child process 2964
[Wed May 06 06:21:21 2020] [notice] Child 2964: Child process is running
[Wed May 06 06:21:21 2020] [notice] Child 2964: Acquired the start mutex.
[Wed May 06 06:21:21 2020] [notice] Child 2964: Starting 64 worker threads.
[Wed May 06 06:21:21 2020] [notice] Child 2964: Starting thread to listen on port 8080.
[Wed May 06 06:21:25 2020] [error] [client 127.0.0.1] B:/ring/applications/tetris/tetris.ring is not executable; ensure interpreted scripts have "#!" or "'!" first line
[Wed May 06 06:21:25 2020] [error] [client 127.0.0.1] (9)Bad file descriptor: don't know how to spawn child process: B:/ring/applications/tetris/tetris.ring
[Tue May 12 00:26:00 2020] [warn] pid file B:/ring/extensions/libdepwin/Apache2.2/logs/httpd.pid overwritten -- Unclean shutdown of previous Apache run?
[Tue May 12 00:26:00 2020] [notice] Apache/2.2.25 (Win32) configured -- resuming normal operations
[Tue May 12 00:26:00 2020] [notice] Server built: Jul 10 2013 01:52:12
[Tue May 12 00:26:00 2020] [notice] Parent: Created child process 4220
[Tue May 12 00:26:01 2020] [notice] Child 4220: Child process is running
[Tue May 12 00:26:01 2020] [notice] Child 4220: Acquired the start mutex.
[Tue May 12 00:26:01 2020] [notice] Child 4220: Starting 64 worker threads.
[Tue May 12 00:26:01 2020] [notice] Child 4220: Starting thread to listen on port 8080.
[Tue May 12 00:26:04 2020] [error] [client 127.0.0.1] B:/ring/applications/escape/EscapeAndroid.ring is not executable; ensure interpreted scripts have "#!" or "'!" first line
[Tue May 12 00:26:04 2020] [error] [client 127.0.0.1] (9)Bad file descriptor: don't know how to spawn child process: B:/ring/applications/escape/EscapeAndroid.ring
[Tue May 12 00:26:05 2020] [error] [client 127.0.0.1] File does not exist: B:/ring/applications/escape/favicon.ico
[Wed Jun 24 03:23:28 2020] [warn] pid file B:/ring/extensions/libdepwin/Apache2.2/logs/httpd.pid overwritten -- Unclean shutdown of previous Apache run?
[Wed Jun 24 03:23:28 2020] [notice] Apache/2.2.25 (Win32) configured -- resuming normal operations
[Wed Jun 24 03:23:28 2020] [notice] Server built: Jul 10 2013 01:52:12
[Wed Jun 24 03:23:28 2020] [notice] Parent: Created child process 12196
[Wed Jun 24 03:23:28 2020] [notice] Child 12196: Child process is running
[Wed Jun 24 03:23:28 2020] [notice] Child 12196: Acquired the start mutex.
[Wed Jun 24 03:23:28 2020] [notice] Child 12196: Starting 64 worker threads.
[Wed Jun 24 03:23:28 2020] [notice] Child 12196: Starting thread to listen on port 8080.
[Wed Jun 24 03:23:34 2020] [error] [client 127.0.0.1] File does not exist: B:/ring/ringlibs/weblib/ringapp/favicon.ico
[Wed Jun 24 03:23:49 2020] [error] [client 127.0.0.1] File does not exist: B:/ring/ringlibs/weblib/ringapp/favicon.ico, referer: http://localhost:8080/
[Wed Jun 24 03:23:55 2020] [error] [client 127.0.0.1] File does not exist: B:/ring/ringlibs/weblib/ringapp/favicon.ico, referer: http://localhost:8080/index.ring
[Wed Jun 24 03:24:11 2020] [error] [client 127.0.0.1] File does not exist: B:/ring/ringlibs/weblib/ringapp/favicon.ico, referer: http://localhost:8080/index.ring
[Wed Jun 24 03:24:13 2020] [error] [client 127.0.0.1] File does not exist: B:/ring/ringlibs/weblib/ringapp/favicon.ico, referer: http://localhost:8080/index.ring?page=1
[Wed Jun 24 03:24:15 2020] [error] [client 127.0.0.1] File does not exist: B:/ring/ringlibs/weblib/ringapp/favicon.ico, referer: http://localhost:8080/index.ring
[Wed Jun 24 03:24:17 2020] [error] [client 127.0.0.1] File does not exist: B:/ring/ringlibs/weblib/ringapp/favicon.ico, referer: http://localhost:8080/index.ring?page=1
[Wed Jun 24 03:24:20 2020] [error] [client 127.0.0.1] File does not exist: B:/ring/ringlibs/weblib/ringapp/favicon.ico, referer: http://localhost:8080/index.ring?page=2&Name=&Address=&Phone=&Age=&Country=Egypt&Notes=write+comments+here...%0D%0A%09%09%09%09%09%09%09%09
[Wed Jun 24 03:24:22 2020] [error] [client 127.0.0.1] File does not exist: B:/ring/ringlibs/weblib/ringapp/favicon.ico, referer: http://localhost:8080/index.ring?page=1
[Wed Jun 24 03:24:24 2020] [error] [client 127.0.0.1] File does not exist: B:/ring/ringlibs/weblib/ringapp/favicon.ico, referer: http://localhost:8080/index.ring
[Wed Jun 24 03:24:26 2020] [error] [client 127.0.0.1] File does not exist: B:/ring/ringlibs/weblib/ringapp/favicon.ico, referer: http://localhost:8080/index.ring?page=11
[Wed Jun 24 03:24:29 2020] [error] [client 127.0.0.1] File does not exist: B:/ring/ringlibs/weblib/ringapp/favicon.ico, referer: http://localhost:8080/index.ring
[Wed Jun 24 20:19:00 2020] [warn] pid file B:/ring/extensions/libdepwin/Apache2.2/logs/httpd.pid overwritten -- Unclean shutdown of previous Apache run?
[Wed Jun 24 20:19:00 2020] [notice] Apache/2.2.25 (Win32) configured -- resuming normal operations
[Wed Jun 24 20:19:00 2020] [notice] Server built: Jul 10 2013 01:52:12
[Wed Jun 24 20:19:00 2020] [notice] Parent: Created child process 9816
[Wed Jun 24 20:19:01 2020] [notice] Child 9816: Child process is running
[Wed Jun 24 20:19:01 2020] [notice] Child 9816: Acquired the start mutex.
[Wed Jun 24 20:19:01 2020] [notice] Child 9816: Starting 64 worker threads.
[Wed Jun 24 20:19:01 2020] [notice] Child 9816: Starting thread to listen on port 8080.
[Sun Jun 28 18:45:59 2020] [warn] pid file B:/ring/extensions/libdepwin/Apache2.2/logs/httpd.pid overwritten -- Unclean shutdown of previous Apache run?
[Sun Jun 28 18:45:59 2020] [notice] Apache/2.2.25 (Win32) configured -- resuming normal operations
[Sun Jun 28 18:45:59 2020] [notice] Server built: Jul 10 2013 01:52:12
[Sun Jun 28 18:45:59 2020] [notice] Parent: Created child process 6156
[Sun Jun 28 18:45:59 2020] [notice] Child 6156: Child process is running
[Sun Jun 28 18:45:59 2020] [notice] Child 6156: Acquired the start mutex.
[Sun Jun 28 18:45:59 2020] [notice] Child 6156: Starting 64 worker threads.
[Sun Jun 28 18:45:59 2020] [notice] Child 6156: Starting thread to listen on port 8080.
[Sun Jun 28 18:46:03 2020] [error] [client 127.0.0.1] C:/Users/samir/Desktop/vvvController.ring is not executable; ensure interpreted scripts have "#!" or "'!" first line
[Sun Jun 28 18:46:03 2020] [error] [client 127.0.0.1] (9)Bad file descriptor: don't know how to spawn child process: C:/Users/samir/Desktop/vvvController.ring
[Sun Jun 28 18:46:03 2020] [error] [client 127.0.0.1] File does not exist: C:/Users/samir/Desktop/favicon.ico
[Tue Jul 14 11:12:17 2020] [warn] pid file B:/ring/extensions/libdepwin/Apache2.2/logs/httpd.pid overwritten -- Unclean shutdown of previous Apache run?
[Tue Jul 14 11:12:17 2020] [notice] Apache/2.2.25 (Win32) configured -- resuming normal operations
[Tue Jul 14 11:12:17 2020] [notice] Server built: Jul 10 2013 01:52:12
[Tue Jul 14 11:12:17 2020] [notice] Parent: Created child process 4928
[Tue Jul 14 11:12:17 2020] [notice] Child 4928: Child process is running
[Tue Jul 14 11:12:17 2020] [notice] Child 4928: Acquired the start mutex.
[Tue Jul 14 11:12:17 2020] [notice] Child 4928: Starting 64 worker threads.
[Tue Jul 14 11:12:17 2020] [notice] Child 4928: Starting thread to listen on port 8080.
[Tue Jul 14 11:12:23 2020] [error] [client 127.0.0.1] File does not exist: B:/ring/ringlibs/weblib/ringapp/favicon.ico
[Tue Jul 14 11:13:26 2020] [error] [client 127.0.0.1] File does not exist: B:/ring/ringlibs/weblib/ringapp/upload/profile1.jpg, referer: http://localhost:8080/index.ring?page=14
[Tue Jul 14 11:13:26 2020] [error] [client 127.0.0.1] File does not exist: B:/ring/ringlibs/weblib/ringapp/upload/profile1.jpg, referer: http://localhost:8080/index.ring?page=14
[Tue Jul 14 20:12:26 2020] [error] [client 10.200.24.4] File does not exist: B:/ring/ringlibs/weblib/ringapp/HNAP1
[Sat Jul 18 08:11:37 2020] [warn] pid file B:/ring/extensions/libdepwin/Apache2.2/logs/httpd.pid overwritten -- Unclean shutdown of previous Apache run?
[Sat Jul 18 08:11:37 2020] [notice] Apache/2.2.25 (Win32) configured -- resuming normal operations
[Sat Jul 18 08:11:37 2020] [notice] Server built: Jul 10 2013 01:52:12
[Sat Jul 18 08:11:37 2020] [notice] Parent: Created child process 12104
Apache server shutdown initiated...
Child 12104: Child process is running
[Sat Jul 18 08:11:37 2020] [notice] Child 12104: Acquired the start mutex.
[Sat Jul 18 08:11:37 2020] [notice] Child 12104: Starting 64 worker threads.
[Sat Jul 18 08:11:37 2020] [notice] Child 12104: Starting thread to listen on port 8080.
[Sat Jul 18 08:12:21 2020] [error] [client 127.0.0.1] File does not exist: B:/ring/ringlibs/weblib/ringapp/upload/profile1.jpg, referer: http://localhost:8080/index.ring?page=14
[Sat Jul 18 08:12:21 2020] [error] [client 127.0.0.1] File does not exist: B:/ring/ringlibs/weblib/ringapp/upload/profile1.jpg, referer: http://localhost:8080/index.ring?page=14
[Sat Jul 18 10:33:57 2020] [notice] Parent: Received shutdown signal -- Shutting down the server.
[Sat Jul 18 10:33:57 2020] [notice] Child 12104: Exit event signaled. Child process is ending.
[Sat Jul 18 10:33:58 2020] [notice] Child 12104: Released the start mutex
[Sat Jul 18 10:33:59 2020] [notice] Child 12104: All worker threads have exited.
[Sat Jul 18 10:33:59 2020] [notice] Child 12104: Child process is exiting
[Sat Jul 18 10:33:59 2020] [notice] Parent: Child process exited successfully.
[Sat Jul 18 11:54:45 2020] [notice] Apache/2.2.25 (Win32) configured -- resuming normal operations
[Sat Jul 18 11:54:45 2020] [notice] Server built: Jul 10 2013 01:52:12
[Sat Jul 18 11:54:45 2020] [notice] Parent: Created child process 9948
[Sat Jul 18 11:54:45 2020] [notice] Child 9948: Child process is running
[Sat Jul 18 11:54:45 2020] [notice] Child 9948: Acquired the start mutex.
[Sat Jul 18 11:54:45 2020] [notice] Child 9948: Starting 64 worker threads.
[Sat Jul 18 11:54:45 2020] [notice] Child 9948: Starting thread to listen on port 8080.
[Sat Jul 18 11:55:11 2020] [error] [client 127.0.0.1] File does not exist: B:/ring/ringlibs/weblib/ringapp/upload/profile1.jpg, referer: http://localhost:8080/index.ring?page=14
[Sat Jul 18 11:55:11 2020] [error] [client 127.0.0.1] File does not exist: B:/ring/ringlibs/weblib/ringapp/upload/profile1.jpg, referer: http://localhost:8080/index.ring?page=14
[Sat Jul 18 11:55:44 2020] [error] [client 127.0.0.1] File does not exist: B:/ring/ringlibs/weblib/ringapp/upload/profile1.jpg, referer: http://localhost:8080/index.ring?page=14
[Sat Jul 18 11:55:44 2020] [error] [client 127.0.0.1] File does not exist: B:/ring/ringlibs/weblib/ringapp/upload/profile1.jpg, referer: http://localhost:8080/index.ring?page=14
[Wed Jul 22 17:14:30 2020] [warn] pid file B:/ring/extensions/libdepwin/Apache2.2/logs/httpd.pid overwritten -- Unclean shutdown of previous Apache run?
[Wed Jul 22 17:14:30 2020] [notice] Apache/2.2.25 (Win32) configured -- resuming normal operations
[Wed Jul 22 17:14:30 2020] [notice] Server built: Jul 10 2013 01:52:12
[Wed Jul 22 17:14:30 2020] [notice] Parent: Created child process 7888
[Wed Jul 22 17:14:30 2020] [notice] Child 7888: Child process is running
[Wed Jul 22 17:14:30 2020] [notice] Child 7888: Acquired the start mutex.
[Wed Jul 22 17:14:30 2020] [notice] Child 7888: Starting 64 worker threads.
[Wed Jul 22 17:14:30 2020] [notice] Child 7888: Starting thread to listen on port 8080.
[Wed Jul 22 17:15:23 2020] [error] [client 127.0.0.1] 'chmod' is not recognized as an internal or external command,\r, referer: http://localhost:8080/index.ring?page=5
[Wed Jul 22 17:15:23 2020] [error] [client 127.0.0.1] operable program or batch file.\r, referer: http://localhost:8080/index.ring?page=5
[Wed Jul 22 17:15:49 2020] [error] [client 127.0.0.1] File does not exist: B:/ring/libraries/weblib/ringapp/upload/profile1.jpg, referer: http://localhost:8080/index.ring?page=14
[Wed Jul 22 17:15:49 2020] [error] [client 127.0.0.1] File does not exist: B:/ring/libraries/weblib/ringapp/upload/profile1.jpg, referer: http://localhost:8080/index.ring?page=14
[Wed Jul 22 18:06:22 2020] [warn] pid file B:/ring/extensions/libdepwin/Apache2.2/logs/httpd.pid overwritten -- Unclean shutdown of previous Apache run?
[Wed Jul 22 18:06:22 2020] [notice] Apache/2.2.25 (Win32) configured -- resuming normal operations
[Wed Jul 22 18:06:22 2020] [notice] Server built: Jul 10 2013 01:52:12
[Wed Jul 22 18:06:22 2020] [notice] Parent: Created child process 12000
[Wed Jul 22 18:06:22 2020] [notice] Child 12000: Child process is running
[Wed Jul 22 18:06:22 2020] [notice] Child 12000: Acquired the start mutex.
[Wed Jul 22 18:06:22 2020] [notice] Child 12000: Starting 64 worker threads.
[Wed Jul 22 18:06:22 2020] [notice] Child 12000: Starting thread to listen on port 8080.
[Wed Jul 22 18:06:27 2020] [error] [client 127.0.0.1] File does not exist: B:/ring/libraries/weblib/ringapp/upload/profile1.jpg, referer: http://localhost:8080/ex21.ring
[Wed Jul 22 18:06:27 2020] [error] [client 127.0.0.1] File does not exist: B:/ring/libraries/weblib/ringapp/upload/profile1.jpg, referer: http://localhost:8080/ex21.ring
[Thu Jul 23 17:45:32 2020] [warn] pid file B:/ring/extensions/libdepwin/Apache2.2/logs/httpd.pid overwritten -- Unclean shutdown of previous Apache run?
[Thu Jul 23 17:45:32 2020] [notice] Apache/2.2.25 (Win32) configured -- resuming normal operations
[Thu Jul 23 17:45:32 2020] [notice] Server built: Jul 10 2013 01:52:12
[Thu Jul 23 17:45:32 2020] [notice] Parent: Created child process 10748
[Thu Jul 23 17:45:32 2020] [notice] Child 10748: Child process is running
[Thu Jul 23 17:45:32 2020] [notice] Child 10748: Acquired the start mutex.
[Thu Jul 23 17:45:32 2020] [notice] Child 10748: Starting 64 worker threads.
[Thu Jul 23 17:45:32 2020] [notice] Child 10748: Starting thread to listen on port 8080.
[Thu Jul 23 17:45:37 2020] [error] [client 127.0.0.1] File does not exist: B:/ring/libraries/weblib/ringapp/favicon.ico
[Thu Jul 23 18:10:35 2020] [warn] pid file B:/ring/extensions/libdepwin/Apache2.2/logs/httpd.pid overwritten -- Unclean shutdown of previous Apache run?
[Thu Jul 23 18:10:35 2020] [notice] Apache/2.2.25 (Win32) configured -- resuming normal operations
[Thu Jul 23 18:10:35 2020] [notice] Server built: Jul 10 2013 01:52:12
[Thu Jul 23 18:10:35 2020] [notice] Parent: Created child process 2144
[Thu Jul 23 18:10:35 2020] [notice] Child 2144: Child process is running
[Thu Jul 23 18:10:35 2020] [notice] Child 2144: Acquired the start mutex.
[Thu Jul 23 18:10:35 2020] [notice] Child 2144: Starting 64 worker threads.
[Thu Jul 23 18:10:35 2020] [notice] Child 2144: Starting thread to listen on port 8080.
[Thu Jul 23 18:29:35 2020] [warn] pid file B:/ring/extensions/libdepwin/Apache2.2/logs/httpd.pid overwritten -- Unclean shutdown of previous Apache run?
[Thu Jul 23 18:29:35 2020] [notice] Apache/2.2.25 (Win32) configured -- resuming normal operations
[Thu Jul 23 18:29:35 2020] [notice] Server built: Jul 10 2013 01:52:12
[Thu Jul 23 18:29:35 2020] [notice] Parent: Created child process 4708
[Thu Jul 23 18:29:35 2020] [notice] Child 4708: Child process is running
[Thu Jul 23 18:29:35 2020] [notice] Child 4708: Acquired the start mutex.
[Thu Jul 23 18:29:35 2020] [notice] Child 4708: Starting 64 worker threads.
[Thu Jul 23 18:29:35 2020] [notice] Child 4708: Starting thread to listen on port 8080.
[Thu Jul 23 18:30:06 2020] [error] [client 127.0.0.1] File does not exist: B:/ring/libraries/weblib/ringapp/upload/profile1.jpg, referer: http://localhost:8080/index.ring?page=14
[Thu Jul 23 18:30:06 2020] [error] [client 127.0.0.1] File does not exist: B:/ring/libraries/weblib/ringapp/upload/profile1.jpg, referer: http://localhost:8080/index.ring?page=14
[Thu Jul 23 18:30:23 2020] [error] [client 127.0.0.1] File does not exist: B:/ring/libraries/weblib/ringapp/upload/profile1.jpg, referer: http://localhost:8080/index.ring?page=14
[Thu Jul 23 18:30:23 2020] [error] [client 127.0.0.1] File does not exist: B:/ring/libraries/weblib/ringapp/upload/profile1.jpg, referer: http://localhost:8080/index.ring?page=14
[Mon Jul 27 23:06:41 2020] [warn] pid file B:/ring/extensions/libdepwin/Apache2.2/logs/httpd.pid overwritten -- Unclean shutdown of previous Apache run?
[Mon Jul 27 23:06:41 2020] [notice] Apache/2.2.25 (Win32) configured -- resuming normal operations
[Mon Jul 27 23:06:41 2020] [notice] Server built: Jul 10 2013 01:52:12
[Mon Jul 27 23:06:41 2020] [notice] Parent: Created child process 1356
[Mon Jul 27 23:06:41 2020] [notice] Child 1356: Child process is running
[Mon Jul 27 23:06:41 2020] [notice] Child 1356: Acquired the start mutex.
[Mon Jul 27 23:06:41 2020] [notice] Child 1356: Starting 64 worker threads.
[Mon Jul 27 23:06:41 2020] [notice] Child 1356: Starting thread to listen on port 8080.
[Mon Jul 27 23:06:47 2020] [error] [client 127.0.0.1] File does not exist: B:/ring/samples/UsingWebLib/Demo/favicon.ico
[Mon Jul 27 23:07:39 2020] [error] [client 10.200.24.27] File does not exist: B:/ring/samples/UsingWebLib/Demo/favicon.ico
[Mon Jul 27 23:12:27 2020] [error] [client 10.200.24.27] File does not exist: B:/ring/samples/UsingWebLib/Demo/favicon.ico
[Tue Jul 28 00:16:06 2020] [error] [client 10.200.24.27] File does not exist: B:/ring/samples/UsingWebLib/Demo/index.html
[Tue Jul 28 00:16:11 2020] [error] [client 10.200.24.27] File does not exist: B:/ring/samples/UsingWebLib/Demo/favicon.ico
[Tue Jul 28 00:40:00 2020] [error] [client 10.200.24.27] File does not exist: B:/ring/samples/UsingWebLib/Demo/favicon.ico
[Tue Aug 04 03:47:43 2020] [warn] pid file B:/ring/extensions/libdepwin/Apache2.2/logs/httpd.pid overwritten -- Unclean shutdown of previous Apache run?
[Tue Aug 04 03:47:43 2020] [notice] Apache/2.2.25 (Win32) configured -- resuming normal operations
[Tue Aug 04 03:47:43 2020] [notice] Server built: Jul 10 2013 01:52:12
[Tue Aug 04 03:47:43 2020] [notice] Parent: Created child process 768
[Tue Aug 04 03:47:43 2020] [notice] Child 768: Child process is running
[Tue Aug 04 03:47:43 2020] [notice] Child 768: Acquired the start mutex.
[Tue Aug 04 03:47:43 2020] [notice] Child 768: Starting 64 worker threads.
[Tue Aug 04 03:47:43 2020] [notice] Child 768: Starting thread to listen on port 8080.
[Tue Aug 04 03:47:52 2020] [error] [client 127.0.0.1] File does not exist: C:/Users/samir/Desktop/favicon.ico
[Tue Aug 04 03:51:09 2020] [error] [client 127.0.0.1] File does not exist: C:/Users/samir/Desktop/favicon.ico
[Fri Oct 23 12:26:46 2020] [warn] pid file B:/ring/extensions/libdepwin/Apache2.2/logs/httpd.pid overwritten -- Unclean shutdown of previous Apache run?
[Fri Oct 23 12:26:46 2020] [notice] Apache/2.2.25 (Win32) configured -- resuming normal operations
[Fri Oct 23 12:26:46 2020] [notice] Server built: Jul 10 2013 01:52:12
[Fri Oct 23 12:26:46 2020] [notice] Parent: Created child process 15852
[Fri Oct 23 12:26:46 2020] [notice] Child 15852: Child process is running
[Fri Oct 23 12:26:46 2020] [notice] Child 15852: Acquired the start mutex.
[Fri Oct 23 12:26:46 2020] [notice] Child 15852: Starting 64 worker threads.
[Fri Oct 23 12:26:46 2020] [notice] Child 15852: Starting thread to listen on port 8080.
[Fri Oct 23 12:27:12 2020] [error] [client 127.0.0.1] File does not exist: B:/ring/samples/UsingArabic/HassounaCourse/WebDevelopment/ring_web_26/favicon.ico, referer: http://localhost:8080/index.ring
[Fri Oct 23 12:28:02 2020] [warn] pid file B:/ring/extensions/libdepwin/Apache2.2/logs/httpd.pid overwritten -- Unclean shutdown of previous Apache run?
[Fri Oct 23 12:28:02 2020] [notice] Apache/2.2.25 (Win32) configured -- resuming normal operations
[Fri Oct 23 12:28:02 2020] [notice] Server built: Jul 10 2013 01:52:12
[Fri Oct 23 12:28:02 2020] [notice] Parent: Created child process 8700
[Fri Oct 23 12:28:02 2020] [notice] Child 8700: Child process is running
[Fri Oct 23 12:28:02 2020] [notice] Child 8700: Acquired the start mutex.
[Fri Oct 23 12:28:02 2020] [notice] Child 8700: Starting 64 worker threads.
[Fri Oct 23 12:28:02 2020] [notice] Child 8700: Starting thread to listen on port 8080.
[Sun Oct 25 07:39:38 2020] [warn] pid file B:/ring/extensions/libdepwin/Apache2.2/logs/httpd.pid overwritten -- Unclean shutdown of previous Apache run?
[Sun Oct 25 07:39:38 2020] [notice] Apache/2.2.25 (Win32) configured -- resuming normal operations
[Sun Oct 25 07:39:38 2020] [notice] Server built: Jul 10 2013 01:52:12
[Sun Oct 25 07:39:38 2020] [notice] Parent: Created child process 9772
[Sun Oct 25 07:39:38 2020] [notice] Child 9772: Child process is running
[Sun Oct 25 07:39:38 2020] [notice] Child 9772: Acquired the start mutex.
[Sun Oct 25 07:39:38 2020] [notice] Child 9772: Starting 64 worker threads.
[Sun Oct 25 07:39:38 2020] [notice] Child 9772: Starting thread to listen on port 8080.
[Sun Oct 25 07:41:30 2020] [warn] pid file B:/ring/extensions/libdepwin/Apache2.2/logs/httpd.pid overwritten -- Unclean shutdown of previous Apache run?
[Sun Oct 25 07:41:30 2020] [notice] Apache/2.2.25 (Win32) configured -- resuming normal operations
[Sun Oct 25 07:41:30 2020] [notice] Server built: Jul 10 2013 01:52:12
[Sun Oct 25 07:41:30 2020] [notice] Parent: Created child process 12704
[Sun Oct 25 07:41:30 2020] [notice] Child 12704: Child process is running
[Sun Oct 25 07:41:30 2020] [notice] Child 12704: Acquired the start mutex.
[Sun Oct 25 07:41:30 2020] [notice] Child 12704: Starting 64 worker threads.
[Sun Oct 25 07:41:30 2020] [notice] Child 12704: Starting thread to listen on port 8080.
[Sun Oct 25 07:42:00 2020] [warn] pid file B:/ring/extensions/libdepwin/Apache2.2/logs/httpd.pid overwritten -- Unclean shutdown of previous Apache run?
[Sun Oct 25 07:42:00 2020] [notice] Apache/2.2.25 (Win32) configured -- resuming normal operations
[Sun Oct 25 07:42:00 2020] [notice] Server built: Jul 10 2013 01:52:12
[Sun Oct 25 07:42:00 2020] [notice] Parent: Created child process 4392
[Sun Oct 25 07:42:00 2020] [notice] Child 4392: Child process is running
[Sun Oct 25 07:42:00 2020] [notice] Child 4392: Acquired the start mutex.
[Sun Oct 25 07:42:00 2020] [notice] Child 4392: Starting 64 worker threads.
[Sun Oct 25 07:42:00 2020] [notice] Child 4392: Starting thread to listen on port 8080.
[Sun Oct 25 07:42:15 2020] [warn] pid file B:/ring/extensions/libdepwin/Apache2.2/logs/httpd.pid overwritten -- Unclean shutdown of previous Apache run?
[Sun Oct 25 07:42:15 2020] [notice] Apache/2.2.25 (Win32) configured -- resuming normal operations
[Sun Oct 25 07:42:15 2020] [notice] Server built: Jul 10 2013 01:52:12
[Sun Oct 25 07:42:15 2020] [notice] Parent: Created child process 17244
[Sun Oct 25 07:42:15 2020] [notice] Child 17244: Child process is running
[Sun Oct 25 07:42:15 2020] [notice] Child 17244: Acquired the start mutex.
[Sun Oct 25 07:42:15 2020] [notice] Child 17244: Starting 64 worker threads.
[Sun Oct 25 07:42:15 2020] [notice] Child 17244: Starting thread to listen on port 8080.
[Sun Oct 25 07:42:28 2020] [warn] pid file B:/ring/extensions/libdepwin/Apache2.2/logs/httpd.pid overwritten -- Unclean shutdown of previous Apache run?
[Sun Oct 25 07:42:28 2020] [notice] Apache/2.2.25 (Win32) configured -- resuming normal operations
[Sun Oct 25 07:42:28 2020] [notice] Server built: Jul 10 2013 01:52:12
[Sun Oct 25 07:42:28 2020] [notice] Parent: Created child process 2848
[Sun Oct 25 07:42:28 2020] [notice] Child 2848: Child process is running
[Sun Oct 25 07:42:28 2020] [notice] Child 2848: Acquired the start mutex.
[Sun Oct 25 07:42:28 2020] [notice] Child 2848: Starting 64 worker threads.
[Sun Oct 25 07:42:28 2020] [notice] Child 2848: Starting thread to listen on port 8080.
[Sun Oct 25 07:42:41 2020] [warn] pid file B:/ring/extensions/libdepwin/Apache2.2/logs/httpd.pid overwritten -- Unclean shutdown of previous Apache run?
[Sun Oct 25 07:42:41 2020] [notice] Apache/2.2.25 (Win32) configured -- resuming normal operations
[Sun Oct 25 07:42:41 2020] [notice] Server built: Jul 10 2013 01:52:12
[Sun Oct 25 07:42:41 2020] [notice] Parent: Created child process 2404
[Sun Oct 25 07:42:41 2020] [notice] Child 2404: Child process is running
[Sun Oct 25 07:42:41 2020] [notice] Child 2404: Acquired the start mutex.
[Sun Oct 25 07:42:41 2020] [notice] Child 2404: Starting 64 worker threads.
[Sun Oct 25 07:42:41 2020] [notice] Child 2404: Starting thread to listen on port 8080.
[Thu Dec 10 18:45:49 2020] [warn] pid file B:/ring/extensions/libdepwin/Apache2.2/logs/httpd.pid overwritten -- Unclean shutdown of previous Apache run?
[Thu Dec 10 18:45:49 2020] [notice] Apache/2.2.25 (Win32) configured -- resuming normal operations
[Thu Dec 10 18:45:49 2020] [notice] Server built: Jul 10 2013 01:52:12
[Thu Dec 10 18:45:49 2020] [notice] Parent: Created child process 672
[Thu Dec 10 18:45:49 2020] [notice] Child 672: Child process is running
[Thu Dec 10 18:45:49 2020] [notice] Child 672: Acquired the start mutex.
[Thu Dec 10 18:45:49 2020] [notice] Child 672: Starting 64 worker threads.
[Thu Dec 10 18:45:49 2020] [notice] Child 672: Starting thread to listen on port 8080.
[Thu Dec 10 18:45:54 2020] [error] [client 127.0.0.1] File does not exist: B:/ring/applications/mycoffee/mycoffee_webapp/favicon.ico, referer: http://localhost:8080/index.ring
[Thu Dec 10 18:53:06 2020] [error] [client 127.0.0.1] File does not exist: B:/ring/applications/mycoffee/mycoffee_webapp/favicon.ico, referer: http://localhost:8080/index.ring
[Thu Dec 10 19:19:44 2020] [warn] pid file B:/ring/extensions/libdepwin/Apache2.2/logs/httpd.pid overwritten -- Unclean shutdown of previous Apache run?
[Thu Dec 10 19:19:44 2020] [notice] Apache/2.2.25 (Win32) configured -- resuming normal operations
[Thu Dec 10 19:19:44 2020] [notice] Server built: Jul 10 2013 01:52:12
[Thu Dec 10 19:19:44 2020] [notice] Parent: Created child process 7624
[Thu Dec 10 19:19:44 2020] [notice] Child 7624: Child process is running
[Thu Dec 10 19:19:44 2020] [notice] Child 7624: Acquired the start mutex.
[Thu Dec 10 19:19:44 2020] [notice] Child 7624: Starting 64 worker threads.
[Thu Dec 10 19:19:44 2020] [notice] Child 7624: Starting thread to listen on port 8080.
[Thu Dec 10 19:19:49 2020] [error] [client 127.0.0.1] File does not exist: B:/ring/applications/mycoffee/mycoffee_webapp/favicon.ico, referer: http://localhost:8080/index.ring
[Thu Dec 10 19:31:06 2020] [error] [client 127.0.0.1] File does not exist: B:/ring/applications/mycoffee/mycoffee_webapp/favicon.ico, referer: http://localhost:8080/index.ring
[Thu Dec 10 19:48:36 2020] [warn] pid file B:/ring/extensions/libdepwin/Apache2.2/logs/httpd.pid overwritten -- Unclean shutdown of previous Apache run?
[Thu Dec 10 19:48:36 2020] [notice] Apache/2.2.25 (Win32) configured -- resuming normal operations
[Thu Dec 10 19:48:36 2020] [notice] Server built: Jul 10 2013 01:52:12
[Thu Dec 10 19:48:36 2020] [notice] Parent: Created child process 11892
[Thu Dec 10 19:48:36 2020] [notice] Child 11892: Child process is running
[Thu Dec 10 19:48:36 2020] [notice] Child 11892: Acquired the start mutex.
[Thu Dec 10 19:48:36 2020] [notice] Child 11892: Starting 64 worker threads.
[Thu Dec 10 19:48:36 2020] [notice] Child 11892: Starting thread to listen on port 8080.
